<?xml version="1.0" encoding="UTF-8"?>
<!-- Generated by org.testng.reporters.JUnitXMLReporter -->
<testsuite ignored="0" hostname="DESKTOP-J50SVVR" failures="3" tests="27" name="Surefire test" time="82.896" errors="0" timestamp="2022-11-21T18:47:03 IST">
  <testcase classname="Apack.ClassOneTest" name="one" time="0.005"/>
  <testcase classname="Apack.ClassThreeTest" name="Two" time="0.0"/>
  <testcase classname="Apack.ClassTwoTest" name="Two" time="0.0"/>
  <testcase classname="DemoPro1.DayT2Test" name="SampleAutomation" time="37.533"/>
  <testcase classname="DemoPro1.DayT3Test" name="testRegistration" time="0.0"/>
  <testcase classname="DemoPro1.DayT3Test" name="testLogin" time="0.0"/>
  <testcase classname="DemoPro1.DayT3Test" name="testHomepage" time="0.001"/>
  <testcase classname="DemoPro1.DayT4Test" name="Amezon" time="0.0"/>
  <testcase classname="DemoPro1.DayT4Test" name="Dmart" time="0.0"/>
  <testcase classname="DemoPro1.DayT4Test" name="flipkart" time="0.0"/>
  <testcase classname="DemoPro1.DayT4Test" name="macys" time="0.0"/>
  <testcase classname="DemoPro1.DayT5Test" name="testFiveE" time="0.001"/>
  <testcase classname="DemoPro1.DayT5Test" name="testFourD" time="0.0"/>
  <testcase classname="DemoPro1.DayT5Test" name="testOneA" time="0.0">
    <failure type="org.testng.TestNGException" message="
Parameter &amp;apos;URL&amp;apos; is required by @Test on method testOneA but has not been marked @Optional or defined
">
      <![CDATA[org.testng.TestNGException: 
Parameter 'URL' is required by @Test on method testOneA but has not been marked @Optional or defined

at java.base/java.util.ArrayList.forEach(ArrayList.java:1511)
... Removed 31 stack frames]]>
    </failure>
  </testcase> <!-- testOneA -->
  <testcase classname="DemoPro1.DayT5Test" name="testThreeC" time="0.0">
    <failure type="org.testng.TestNGException" message="
Parameter &amp;apos;URLx&amp;apos; is required by @Test on method testThreeC but has not been marked @Optional or defined
">
      <![CDATA[org.testng.TestNGException: 
Parameter 'URLx' is required by @Test on method testThreeC but has not been marked @Optional or defined

at java.base/java.util.ArrayList.forEach(ArrayList.java:1511)
... Removed 31 stack frames]]>
    </failure>
  </testcase> <!-- testThreeC -->
  <testcase classname="DemoPro1.DayT5Test" name="testTwoB" time="0.0">
    <failure type="org.testng.TestNGException" message="
Parameter &amp;apos;URL&amp;apos; is required by @Test on method testTwoB but has not been marked @Optional or defined
">
      <![CDATA[org.testng.TestNGException: 
Parameter 'URL' is required by @Test on method testTwoB but has not been marked @Optional or defined

at java.base/java.util.ArrayList.forEach(ArrayList.java:1511)
... Removed 31 stack frames]]>
    </failure>
  </testcase> <!-- testTwoB -->
  <testcase classname="DemoPro1.DayT6Test" name="loginfuctionality" time="0.0"/>
  <testcase classname="DemoPro1.DayT6Test" name="loginfuctionality" time="0.0"/>
  <testcase classname="DemoPro1.DayT6Test" name="loginfuctionality" time="0.0"/>
  <testcase classname="DemoPro1.OneTest" name="mOne" time="14.175"/>
  <testcase classname="DemoPro1.POITest" name="OneTest" time="20.058"/>
  <testcase classname="Listeners.DayT7Test" name="ClassSeven" time="11.028"/>
  <testcase classname="Rpack.ClassFiveTest" name="Two" time="0.0"/>
  <testcase classname="Rpack.ClassFourTest" name="Two" time="0.0"/>
  <testcase classname="Rpack.ClassSixTest" name="Two" time="0.0"/>
  <testcase classname="Spack.ClassEightTest" name="Two" time="0.0"/>
  <testcase classname="Spack.ClassSevenTest" name="Two" time="0.0"/>
</testsuite> <!-- Surefire test -->
